[0123/185147.708:ERROR:directory_reader_win.cc(43)] FindFirstFile: The system cannot find the path specified. (0x3)
[0123/193940.941:ERROR:directory_reader_win.cc(43)] FindFirstFile: The system cannot find the path specified. (0x3)
[0123/194109.921:ERROR:directory_reader_win.cc(43)] FindFirstFile: The system cannot find the path specified. (0x3)
[0123/194320.386:ERROR:directory_reader_win.cc(43)] FindFirstFile: The system cannot find the path specified. (0x3)
[0123/194420.818:ERROR:directory_reader_win.cc(43)] FindFirstFile: The system cannot find the path specified. (0x3)
[0123/194509.697:ERROR:directory_reader_win.cc(43)] FindFirstFile: The system cannot find the path specified. (0x3)
[0123/194617.580:ERROR:directory_reader_win.cc(43)] FindFirstFile: The system cannot find the path specified. (0x3)
[0123/194659.405:ERROR:directory_reader_win.cc(43)] FindFirstFile: The system cannot find the path specified. (0x3)
[0123/195529.270:ERROR:directory_reader_win.cc(43)] FindFirstFile: The system cannot find the path specified. (0x3)
[0123/200806.232:ERROR:directory_reader_win.cc(43)] FindFirstFile: The system cannot find the path specified. (0x3)
[0123/201010.358:ERROR:directory_reader_win.cc(43)] FindFirstFile: The system cannot find the path specified. (0x3)
[0123/201048.047:ERROR:directory_reader_win.cc(43)] FindFirstFile: The system cannot find the path specified. (0x3)
[0123/201122.464:ERROR:directory_reader_win.cc(43)] FindFirstFile: The system cannot find the path specified. (0x3)
[0123/201215.443:ERROR:directory_reader_win.cc(43)] FindFirstFile: The system cannot find the path specified. (0x3)
[0123/201519.686:ERROR:directory_reader_win.cc(43)] FindFirstFile: The system cannot find the path specified. (0x3)
[0123/201825.365:ERROR:directory_reader_win.cc(43)] FindFirstFile: The system cannot find the path specified. (0x3)
[0123/201940.429:ERROR:directory_reader_win.cc(43)] FindFirstFile: The system cannot find the path specified. (0x3)
[0123/202117.763:ERROR:directory_reader_win.cc(43)] FindFirstFile: The system cannot find the path specified. (0x3)
[0123/203129.385:ERROR:directory_reader_win.cc(43)] FindFirstFile: The system cannot find the path specified. (0x3)
[0123/212450.405:ERROR:directory_reader_win.cc(43)] FindFirstFile: The system cannot find the path specified. (0x3)
[0123/214013.523:ERROR:directory_reader_win.cc(43)] FindFirstFile: The system cannot find the path specified. (0x3)
[0123/215814.519:ERROR:directory_reader_win.cc(43)] FindFirstFile: The system cannot find the path specified. (0x3)
[0123/223311.844:ERROR:directory_reader_win.cc(43)] FindFirstFile: The system cannot find the path specified. (0x3)
[0123/223953.122:ERROR:directory_reader_win.cc(43)] FindFirstFile: The system cannot find the path specified. (0x3)
[0123/224441.464:ERROR:directory_reader_win.cc(43)] FindFirstFile: The system cannot find the path specified. (0x3)
[0123/225016.677:ERROR:directory_reader_win.cc(43)] FindFirstFile: The system cannot find the path specified. (0x3)
[0123/225800.387:ERROR:directory_reader_win.cc(43)] FindFirstFile: The system cannot find the path specified. (0x3)
[0123/230017.171:ERROR:directory_reader_win.cc(43)] FindFirstFile: The system cannot find the path specified. (0x3)
[0123/230135.629:ERROR:directory_reader_win.cc(43)] FindFirstFile: The system cannot find the path specified. (0x3)
[0123/230710.407:ERROR:directory_reader_win.cc(43)] FindFirstFile: The system cannot find the path specified. (0x3)
[0123/230936.969:ERROR:process_info.cc(359)] UncheckedAllocate
[0123/230936.975:ERROR:process_info.cc(359)] UncheckedAllocate
[0123/230937.109:ERROR:process_info.cc(359)] UncheckedAllocate
[0123/231043.637:ERROR:process_reader_win.cc(151)] SuspendThread: Access is denied. (0x5)
[0123/231043.637:ERROR:process_reader_win.cc(151)] SuspendThread: Access is denied. (0x5)
[0123/231043.637:ERROR:process_reader_win.cc(151)] SuspendThread: Access is denied. (0x5)
[0123/231043.637:ERROR:process_reader_win.cc(151)] SuspendThread: Access is denied. (0x5)
[0123/231043.637:ERROR:process_reader_win.cc(151)] SuspendThread: Access is denied. (0x5)
[0123/231043.642:ERROR:process_reader_win.cc(151)] SuspendThread: Access is denied. (0x5)
[0123/231043.642:ERROR:process_reader_win.cc(151)] SuspendThread: Access is denied. (0x5)
[0123/231043.642:ERROR:process_reader_win.cc(151)] SuspendThread: Access is denied. (0x5)
[0123/231043.644:ERROR:process_reader_win.cc(151)] SuspendThread: Access is denied. (0x5)
[0123/231043.645:ERROR:process_reader_win.cc(151)] SuspendThread: Access is denied. (0x5)
[0123/231043.650:ERROR:process_reader_win.cc(151)] SuspendThread: Access is denied. (0x5)
[0123/231043.654:ERROR:process_reader_win.cc(151)] SuspendThread: Access is denied. (0x5)
[0123/231043.657:ERROR:process_reader_win.cc(151)] SuspendThread: Access is denied. (0x5)
[0123/231043.657:ERROR:process_reader_win.cc(151)] SuspendThread: Access is denied. (0x5)
[0123/231043.658:ERROR:process_reader_win.cc(151)] SuspendThread: Access is denied. (0x5)
[0123/231043.659:ERROR:process_reader_win.cc(151)] SuspendThread: Access is denied. (0x5)
[0123/231043.659:ERROR:process_reader_win.cc(151)] SuspendThread: Access is denied. (0x5)
[0123/231043.659:ERROR:process_reader_win.cc(151)] SuspendThread: Access is denied. (0x5)
[0123/231043.659:ERROR:process_reader_win.cc(151)] SuspendThread: Access is denied. (0x5)
[0123/231043.659:ERROR:process_reader_win.cc(151)] SuspendThread: Access is denied. (0x5)
[0123/231043.659:ERROR:process_reader_win.cc(151)] SuspendThread: Access is denied. (0x5)
[0123/231043.659:ERROR:process_reader_win.cc(151)] SuspendThread: Access is denied. (0x5)
[0123/231043.659:ERROR:process_reader_win.cc(151)] SuspendThread: Access is denied. (0x5)
[0123/231043.659:ERROR:process_reader_win.cc(151)] SuspendThread: Access is denied. (0x5)
[0123/231043.659:ERROR:process_reader_win.cc(151)] SuspendThread: Access is denied. (0x5)
[0123/231043.659:ERROR:process_reader_win.cc(151)] SuspendThread: Access is denied. (0x5)
[0123/231043.659:ERROR:process_reader_win.cc(151)] SuspendThread: Access is denied. (0x5)
[0123/231043.659:ERROR:process_reader_win.cc(151)] SuspendThread: Access is denied. (0x5)
[0123/231043.659:ERROR:process_reader_win.cc(151)] SuspendThread: Access is denied. (0x5)
[0123/231043.659:ERROR:process_reader_win.cc(151)] SuspendThread: Access is denied. (0x5)
[0123/231043.659:ERROR:process_reader_win.cc(151)] SuspendThread: Access is denied. (0x5)
[0123/231043.659:ERROR:process_reader_win.cc(151)] SuspendThread: Access is denied. (0x5)
[0123/231043.659:ERROR:process_reader_win.cc(151)] SuspendThread: Access is denied. (0x5)
[0123/231043.659:ERROR:process_reader_win.cc(151)] SuspendThread: Access is denied. (0x5)
[0123/231043.659:ERROR:process_reader_win.cc(151)] SuspendThread: Access is denied. (0x5)
[0123/231043.659:ERROR:process_reader_win.cc(151)] SuspendThread: Access is denied. (0x5)
[0123/231043.659:ERROR:process_reader_win.cc(151)] SuspendThread: Access is denied. (0x5)
[0123/231043.659:ERROR:process_reader_win.cc(151)] SuspendThread: Access is denied. (0x5)
[0123/231043.659:ERROR:process_reader_win.cc(151)] SuspendThread: Access is denied. (0x5)
[0123/231043.659:ERROR:process_reader_win.cc(151)] SuspendThread: Access is denied. (0x5)
[0123/231043.659:ERROR:process_reader_win.cc(151)] SuspendThread: Access is denied. (0x5)
[0123/231043.659:ERROR:process_reader_win.cc(151)] SuspendThread: Access is denied. (0x5)
[0123/231043.659:ERROR:process_reader_win.cc(151)] SuspendThread: Access is denied. (0x5)
[0123/231043.659:ERROR:process_reader_win.cc(151)] SuspendThread: Access is denied. (0x5)
[0123/231043.659:ERROR:process_reader_win.cc(151)] SuspendThread: Access is denied. (0x5)
[0123/231043.659:ERROR:process_reader_win.cc(151)] SuspendThread: Access is denied. (0x5)
[0123/231043.659:ERROR:process_reader_win.cc(151)] SuspendThread: Access is denied. (0x5)
[0123/231043.659:ERROR:process_reader_win.cc(151)] SuspendThread: Access is denied. (0x5)
[0123/231043.659:ERROR:process_reader_win.cc(151)] SuspendThread: Access is denied. (0x5)
[0123/231043.659:ERROR:process_reader_win.cc(151)] SuspendThread: Access is denied. (0x5)
[0123/231043.659:ERROR:process_reader_win.cc(123)] NtOpenThread: {Access Denied} A process has requested access to an object, but has not been granted those access rights. (0xc0000022)
[0123/231043.659:ERROR:process_reader_win.cc(151)] SuspendThread: Access is denied. (0x5)
[0123/231043.659:ERROR:exception_snapshot_win.cc(99)] thread ID 20152 not found in process
[0123/231043.659:ERROR:process_reader_win.cc(123)] NtOpenThread: {Access Denied} A process has requested access to an object, but has not been granted those access rights. (0xc0000022)
[0123/231043.659:ERROR:process_reader_win.cc(123)] NtOpenThread: {Access Denied} A process has requested access to an object, but has not been granted those access rights. (0xc0000022)
[0123/231043.660:ERROR:exception_snapshot_win.cc(99)] thread ID 2036 not found in process
[0123/231043.660:ERROR:exception_snapshot_win.cc(99)] thread ID 1388 not found in process
[0123/231043.659:ERROR:process_reader_win.cc(151)] SuspendThread: Access is denied. (0x5)
[0123/231043.659:ERROR:process_reader_win.cc(151)] SuspendThread: Access is denied. (0x5)
[0123/231043.661:ERROR:process_reader_win.cc(151)] SuspendThread: Access is denied. (0x5)
[0123/231043.661:ERROR:process_reader_win.cc(151)] SuspendThread: Access is denied. (0x5)
[0123/231043.661:ERROR:process_reader_win.cc(123)] NtOpenThread: {Access Denied} A process has requested access to an object, but has not been granted those access rights. (0xc0000022)
[0123/231043.662:ERROR:exception_snapshot_win.cc(99)] thread ID 1404 not found in process
[0123/231043.661:ERROR:process_reader_win.cc(123)] NtOpenThread: {Access Denied} A process has requested access to an object, but has not been granted those access rights. (0xc0000022)
[0123/231043.663:ERROR:exception_snapshot_win.cc(99)] thread ID 1036 not found in process
[0123/231043.679:ERROR:process_reader_win.cc(151)] SuspendThread: Access is denied. (0x5)
[0123/231043.679:ERROR:process_reader_win.cc(151)] SuspendThread: Access is denied. (0x5)
[0123/231043.679:ERROR:process_reader_win.cc(151)] SuspendThread: Access is denied. (0x5)
[0123/231043.679:ERROR:process_reader_win.cc(151)] SuspendThread: Access is denied. (0x5)
[0123/231043.679:ERROR:process_reader_win.cc(151)] SuspendThread: Access is denied. (0x5)
[0123/231043.679:ERROR:process_reader_win.cc(151)] SuspendThread: Access is denied. (0x5)
[0123/231043.679:ERROR:process_reader_win.cc(151)] SuspendThread: Access is denied. (0x5)
[0123/231043.679:ERROR:process_reader_win.cc(151)] SuspendThread: Access is denied. (0x5)
[0123/231043.679:ERROR:process_reader_win.cc(151)] SuspendThread: Access is denied. (0x5)
[0123/231043.679:ERROR:process_reader_win.cc(151)] SuspendThread: Access is denied. (0x5)
[0123/231043.679:ERROR:process_reader_win.cc(151)] SuspendThread: Access is denied. (0x5)
[0123/231043.679:ERROR:process_reader_win.cc(123)] NtOpenThread: {Access Denied} A process has requested access to an object, but has not been granted those access rights. (0xc0000022)
[0123/231043.680:ERROR:exception_snapshot_win.cc(99)] thread ID 1720 not found in process
[0123/231043.736:ERROR:process_reader_win.cc(151)] SuspendThread: Access is denied. (0x5)
[0123/231043.737:ERROR:process_reader_win.cc(151)] SuspendThread: Access is denied. (0x5)
[0123/231043.737:ERROR:process_reader_win.cc(123)] NtOpenThread: {Access Denied} A process has requested access to an object, but has not been granted those access rights. (0xc0000022)
[0123/231043.737:ERROR:exception_snapshot_win.cc(99)] thread ID 1980 not found in process
[0123/231044.545:ERROR:process_info.cc(329)] VirtualQueryEx: Access is denied. (0x5)
[0123/231044.545:ERROR:process_info.cc(556)] ReadMemoryInfo failed
[0123/231044.545:ERROR:scoped_process_suspend.cc(40)] NtResumeProcess: An attempt was made to access an exiting process. (0xc000010a)
[0123/231045.158:ERROR:process_reader_win.cc(151)] SuspendThread: Access is denied. (0x5)
[0123/231045.158:ERROR:process_reader_win.cc(151)] SuspendThread: Access is denied. (0x5)
[0123/231045.159:ERROR:process_reader_win.cc(151)] SuspendThread: Access is denied. (0x5)
[0123/231045.159:ERROR:process_reader_win.cc(151)] SuspendThread: Access is denied. (0x5)
[0123/231045.159:ERROR:process_reader_win.cc(151)] SuspendThread: Access is denied. (0x5)
[0123/231045.159:ERROR:process_reader_win.cc(151)] SuspendThread: Access is denied. (0x5)
[0123/231045.159:ERROR:process_reader_win.cc(151)] SuspendThread: Access is denied. (0x5)
[0123/231045.159:ERROR:process_reader_win.cc(151)] SuspendThread: Access is denied. (0x5)
[0123/231045.159:ERROR:process_reader_win.cc(151)] SuspendThread: Access is denied. (0x5)
[0123/231045.159:ERROR:process_reader_win.cc(151)] SuspendThread: Access is denied. (0x5)
[0123/231045.159:ERROR:process_reader_win.cc(151)] SuspendThread: Access is denied. (0x5)
[0123/231045.159:ERROR:process_reader_win.cc(123)] NtOpenThread: {Access Denied} A process has requested access to an object, but has not been granted those access rights. (0xc0000022)
[0123/231045.159:ERROR:exception_snapshot_win.cc(99)] thread ID 15388 not found in process
[0123/231045.173:ERROR:process_reader_win.cc(151)] SuspendThread: Access is denied. (0x5)
[0123/231045.173:ERROR:process_reader_win.cc(151)] SuspendThread: Access is denied. (0x5)
[0123/231045.173:ERROR:process_reader_win.cc(151)] SuspendThread: Access is denied. (0x5)
[0123/231045.173:ERROR:process_reader_win.cc(151)] SuspendThread: Access is denied. (0x5)
[0123/231045.173:ERROR:process_reader_win.cc(151)] SuspendThread: Access is denied. (0x5)
[0123/231045.173:ERROR:process_reader_win.cc(151)] SuspendThread: Access is denied. (0x5)
[0123/231045.173:ERROR:process_reader_win.cc(151)] SuspendThread: Access is denied. (0x5)
[0123/231045.173:ERROR:process_reader_win.cc(151)] SuspendThread: Access is denied. (0x5)
[0123/231045.173:ERROR:process_reader_win.cc(151)] SuspendThread: Access is denied. (0x5)
[0123/231045.173:ERROR:process_reader_win.cc(151)] SuspendThread: Access is denied. (0x5)
[0123/231045.173:ERROR:process_reader_win.cc(151)] SuspendThread: Access is denied. (0x5)
[0123/231045.173:ERROR:process_reader_win.cc(151)] SuspendThread: Access is denied. (0x5)
[0123/231045.173:ERROR:process_reader_win.cc(151)] SuspendThread: Access is denied. (0x5)
[0123/231045.173:ERROR:process_reader_win.cc(151)] SuspendThread: Access is denied. (0x5)
[0123/231045.173:ERROR:process_reader_win.cc(151)] SuspendThread: Access is denied. (0x5)
[0123/231045.173:ERROR:process_reader_win.cc(123)] NtOpenThread: {Access Denied} A process has requested access to an object, but has not been granted those access rights. (0xc0000022)
[0123/231045.173:ERROR:exception_snapshot_win.cc(99)] thread ID 33556 not found in process
[0123/231045.175:ERROR:process_reader_win.cc(151)] SuspendThread: Access is denied. (0x5)
[0123/231045.175:ERROR:process_reader_win.cc(151)] SuspendThread: Access is denied. (0x5)
[0123/231045.175:ERROR:process_reader_win.cc(151)] SuspendThread: Access is denied. (0x5)
[0123/231045.175:ERROR:process_reader_win.cc(151)] SuspendThread: Access is denied. (0x5)
[0123/231045.175:ERROR:process_reader_win.cc(151)] SuspendThread: Access is denied. (0x5)
[0123/231045.175:ERROR:process_reader_win.cc(151)] SuspendThread: Access is denied. (0x5)
[0123/231045.175:ERROR:process_reader_win.cc(151)] SuspendThread: Access is denied. (0x5)
[0123/231045.175:ERROR:process_reader_win.cc(151)] SuspendThread: Access is denied. (0x5)
[0123/231045.175:ERROR:process_reader_win.cc(151)] SuspendThread: Access is denied. (0x5)
[0123/231045.175:ERROR:process_reader_win.cc(151)] SuspendThread: Access is denied. (0x5)
[0123/231045.175:ERROR:process_reader_win.cc(151)] SuspendThread: Access is denied. (0x5)
[0123/231045.175:ERROR:process_reader_win.cc(151)] SuspendThread: Access is denied. (0x5)
[0123/231045.175:ERROR:process_reader_win.cc(151)] SuspendThread: Access is denied. (0x5)
[0123/231045.175:ERROR:process_reader_win.cc(151)] SuspendThread: Access is denied. (0x5)
[0123/231045.175:ERROR:process_reader_win.cc(123)] NtOpenThread: {Access Denied} A process has requested access to an object, but has not been granted those access rights. (0xc0000022)
[0123/231045.175:ERROR:exception_snapshot_win.cc(99)] thread ID 20872 not found in process
[0123/231045.191:ERROR:process_reader_win.cc(151)] SuspendThread: Access is denied. (0x5)
[0123/231045.191:ERROR:process_reader_win.cc(151)] SuspendThread: Access is denied. (0x5)
[0123/231045.191:ERROR:process_reader_win.cc(123)] NtOpenThread: {Access Denied} A process has requested access to an object, but has not been granted those access rights. (0xc0000022)
[0123/231045.192:ERROR:exception_snapshot_win.cc(99)] thread ID 7988 not found in process
[0123/231045.197:ERROR:process_reader_win.cc(151)] SuspendThread: Access is denied. (0x5)
[0123/231045.197:ERROR:process_reader_win.cc(151)] SuspendThread: Access is denied. (0x5)
[0123/231045.197:ERROR:process_reader_win.cc(123)] NtOpenThread: {Access Denied} A process has requested access to an object, but has not been granted those access rights. (0xc0000022)
[0123/231045.198:ERROR:exception_snapshot_win.cc(99)] thread ID 16148 not found in process
[0123/231045.208:ERROR:process_reader_win.cc(151)] SuspendThread: Access is denied. (0x5)
[0123/231045.208:ERROR:process_reader_win.cc(151)] SuspendThread: Access is denied. (0x5)
[0123/231045.208:ERROR:process_reader_win.cc(123)] NtOpenThread: {Access Denied} A process has requested access to an object, but has not been granted those access rights. (0xc0000022)
[0123/231045.208:ERROR:exception_snapshot_win.cc(99)] thread ID 34008 not found in process
[0123/231045.215:ERROR:process_reader_win.cc(151)] SuspendThread: Access is denied. (0x5)
[0123/231045.215:ERROR:process_reader_win.cc(151)] SuspendThread: Access is denied. (0x5)
[0123/231045.215:ERROR:process_reader_win.cc(123)] NtOpenThread: {Access Denied} A process has requested access to an object, but has not been granted those access rights. (0xc0000022)
[0123/231045.215:ERROR:exception_snapshot_win.cc(99)] thread ID 46400 not found in process
[0123/231045.221:ERROR:process_reader_win.cc(151)] SuspendThread: Access is denied. (0x5)
[0123/231045.222:ERROR:process_reader_win.cc(151)] SuspendThread: Access is denied. (0x5)
[0123/231045.222:ERROR:process_reader_win.cc(123)] NtOpenThread: {Access Denied} A process has requested access to an object, but has not been granted those access rights. (0xc0000022)
[0123/231045.222:ERROR:exception_snapshot_win.cc(99)] thread ID 29004 not found in process
[0123/231045.224:ERROR:process_reader_win.cc(151)] SuspendThread: Access is denied. (0x5)
[0123/231045.224:ERROR:process_reader_win.cc(151)] SuspendThread: Access is denied. (0x5)
[0123/231045.224:ERROR:process_reader_win.cc(123)] NtOpenThread: {Access Denied} A process has requested access to an object, but has not been granted those access rights. (0xc0000022)
[0123/231045.224:ERROR:exception_snapshot_win.cc(99)] thread ID 16536 not found in process
[0123/231045.238:ERROR:process_reader_win.cc(151)] SuspendThread: Access is denied. (0x5)
[0123/231045.238:ERROR:process_reader_win.cc(151)] SuspendThread: Access is denied. (0x5)
[0123/231045.238:ERROR:process_reader_win.cc(123)] NtOpenThread: {Access Denied} A process has requested access to an object, but has not been granted those access rights. (0xc0000022)
[0123/231045.238:ERROR:exception_snapshot_win.cc(99)] thread ID 46408 not found in process
[0123/231045.252:ERROR:process_reader_win.cc(151)] SuspendThread: Access is denied. (0x5)
[0123/231045.252:ERROR:process_reader_win.cc(151)] SuspendThread: Access is denied. (0x5)
[0123/231045.252:ERROR:process_reader_win.cc(123)] NtOpenThread: {Access Denied} A process has requested access to an object, but has not been granted those access rights. (0xc0000022)
[0123/231045.253:ERROR:exception_snapshot_win.cc(99)] thread ID 7044 not found in process
[0123/231045.257:ERROR:process_reader_win.cc(151)] SuspendThread: Access is denied. (0x5)
[0123/231045.257:ERROR:process_reader_win.cc(151)] SuspendThread: Access is denied. (0x5)
[0123/231045.257:ERROR:process_reader_win.cc(123)] NtOpenThread: {Access Denied} A process has requested access to an object, but has not been granted those access rights. (0xc0000022)
[0123/231045.257:ERROR:exception_snapshot_win.cc(99)] thread ID 37428 not found in process
[0123/231045.268:ERROR:process_reader_win.cc(151)] SuspendThread: Access is denied. (0x5)
[0123/231045.268:ERROR:process_reader_win.cc(151)] SuspendThread: Access is denied. (0x5)
[0123/231045.268:ERROR:process_reader_win.cc(123)] NtOpenThread: {Access Denied} A process has requested access to an object, but has not been granted those access rights. (0xc0000022)
[0123/231045.268:ERROR:exception_snapshot_win.cc(99)] thread ID 5760 not found in process
[0123/231045.351:ERROR:process_reader_win.cc(151)] SuspendThread: Access is denied. (0x5)
[0123/231045.351:ERROR:process_reader_win.cc(151)] SuspendThread: Access is denied. (0x5)
[0123/231045.351:ERROR:process_reader_win.cc(151)] SuspendThread: Access is denied. (0x5)
[0123/231045.351:ERROR:process_reader_win.cc(151)] SuspendThread: Access is denied. (0x5)
[0123/231045.351:ERROR:process_reader_win.cc(151)] SuspendThread: Access is denied. (0x5)
[0123/231045.351:ERROR:process_reader_win.cc(151)] SuspendThread: Access is denied. (0x5)
[0123/231045.351:ERROR:process_reader_win.cc(151)] SuspendThread: Access is denied. (0x5)
[0123/231045.351:ERROR:process_reader_win.cc(151)] SuspendThread: Access is denied. (0x5)
[0123/231045.351:ERROR:process_reader_win.cc(151)] SuspendThread: Access is denied. (0x5)
[0123/231045.351:ERROR:process_reader_win.cc(151)] SuspendThread: Access is denied. (0x5)
[0123/231045.351:ERROR:process_reader_win.cc(151)] SuspendThread: Access is denied. (0x5)
[0123/231045.351:ERROR:process_reader_win.cc(151)] SuspendThread: Access is denied. (0x5)
[0123/231045.351:ERROR:process_reader_win.cc(151)] SuspendThread: Access is denied. (0x5)
[0123/231045.351:ERROR:process_reader_win.cc(151)] SuspendThread: Access is denied. (0x5)
[0123/231045.351:ERROR:process_reader_win.cc(123)] NtOpenThread: {Access Denied} A process has requested access to an object, but has not been granted those access rights. (0xc0000022)
[0123/231045.351:ERROR:exception_snapshot_win.cc(99)] thread ID 31024 not found in process
[0123/234254.663:ERROR:directory_reader_win.cc(43)] FindFirstFile: The system cannot find the path specified. (0x3)
[0123/234616.369:ERROR:directory_reader_win.cc(43)] FindFirstFile: The system cannot find the path specified. (0x3)
[0124/000146.906:ERROR:directory_reader_win.cc(43)] FindFirstFile: The system cannot find the path specified. (0x3)
[0124/001933.211:ERROR:directory_reader_win.cc(43)] FindFirstFile: The system cannot find the path specified. (0x3)
[0124/002601.977:ERROR:directory_reader_win.cc(43)] FindFirstFile: The system cannot find the path specified. (0x3)
[0124/002734.397:ERROR:directory_reader_win.cc(43)] FindFirstFile: The system cannot find the path specified. (0x3)
[0124/003819.744:ERROR:directory_reader_win.cc(43)] FindFirstFile: The system cannot find the path specified. (0x3)
[0124/004346.350:ERROR:directory_reader_win.cc(43)] FindFirstFile: The system cannot find the path specified. (0x3)
